<?xml version="1.0" encoding="UTF-8"?>
<testng-results skipped="0" failed="0" ignored="0" total="1" passed="1">
  <reporter-output>
  </reporter-output>
  <suite name="Command line suite" duration-ms="18909" started-at="2019-02-20T20:03:17Z" finished-at="2019-02-20T20:03:36Z">
    <groups>
    </groups>
    <test name="Command line test" duration-ms="18909" started-at="2019-02-20T20:03:17Z" finished-at="2019-02-20T20:03:36Z">
      <class name="seleniumTests.aboutPageTestNG">
        <test-method status="PASS" signature="aboutPageCheckLink()[pri:0, instance:seleniumTests.aboutPageTestNG@2f7c7260]" name="aboutPageCheckLink" duration-ms="18634" started-at="2019-02-20T20:03:17Z" finished-at="2019-02-20T20:03:36Z">
          <reporter-output>
          </reporter-output>
        </test-method> <!-- aboutPageCheckLink -->
      </class> <!-- seleniumTests.aboutPageTestNG -->
    </test> <!-- Command line test -->
  </suite> <!-- Command line suite -->
</testng-results>
